<?xml version="1.0" encoding="UTF-8"?>
<!-- Generated by org.testng.reporters.JUnitReportReporter -->
<testsuite hostname="ScoreMe-Ayush-QA" failures="0" tests="1" name="restassuredtest.Jsonparsing" time="1.851" errors="0" timestamp="2023-05-11T23:31:17 IST" skipped="0">
  <testcase classname="restassuredtest.Jsonparsing" name="validation" time="1.851"/>
  <system-out/>
</testsuite> <!-- restassuredtest.Jsonparsing -->
