<?xml version="1.0" encoding="UTF-8"?>
<!-- Generated by org.testng.reporters.JUnitReportReporter -->
<testsuite hostname="ScoreMe-Ayush-QA" failures="0" tests="1" name="restassuredtest.Requesthitbyafile" time="14.861" errors="0" timestamp="2023-05-21T22:08:05 IST" skipped="0">
  <testcase classname="restassuredtest.Requesthitbyafile" name="addBook" time="14.861"/>
  <system-out/>
</testsuite> <!-- restassuredtest.Requesthitbyafile -->
