<?xml version="1.0" encoding="UTF-8"?>
<!-- Generated by org.testng.reporters.JUnitReportReporter -->
<testsuite hostname="ScoreMe-Ayush-QA" failures="0" tests="2" name="Automationtest.Liabaryapitest" time="13.728" errors="0" timestamp="2023-05-21T21:31:45 IST" skipped="0">
  <testcase classname="Automationtest.Liabaryapitest" name="addBook" time="13.542"/>
  <system-out/>
  <testcase classname="Automationtest.Liabaryapitest" name="addBook" time="0.186"/>
  <system-out/>
</testsuite> <!-- Automationtest.Liabaryapitest -->
